[   0.000]nitializing cgroup subsys cpuset
[    0.000000] Initializing cgroup subsys cpu
[    0.000000] Initializing cgroup subsys cpuacct
[    0.000000] Linux version 4.4.0-170-generic (buildd@lcy01-amd64-019) (gcc version 5.4.0 20160609 (Ubuntu 5.4.0-6ubuntu1~16.04.12) ) #199-Ubuntu SMP Thu Nov 14 01:45:04 UTC 2019 (Ubuntu 4.4.0-170.199-generic 4.4.200)
[    0.000000] Command line: BOOT_IMAGE=/boot/vmlinuz-4.4.0-170-generic root=LABEL=cloudimg-rootfs ro console=tty1 console=ttyS0
[    0.000000] KERNEL supported cpus:
[    0.000000]   Intel GenuineIntel
[    0.000000]   AMD AuthenticAMD
[    0.000000]   Centaur CentaurHauls
[    0.000000] x86/fpu: xstate_offset[2]:  576, xstate_sizes[2]:  256
[    0.000000] x86/fpu: Supporting XSAVE feature 0x01: 'x87 floating point registers'
[    0.000000] x86/fpu: Supporting XSAVE feature 0x02: 'SSE registers'
[    0.000000] x86/fpu: Supporting XSAVE feature 0x04: 'AVX registers'
[    0.000000] x86/fpu: Enabled xstate features 0x7, context size is 832 bytes, using 'standard' format.
[    0.000000] e820: BIOS-provided physical RAM map:
[    0.000000] BIOS-e820: [mem 0x0000000000000000-0x000000000009fbff] usable
[    0.000000] BIOS-e820: [mem 0x000000000009fc00-0x000000000009ffff] reserved
[    0.000000] BIOS-e820: [mem 0x00000000000f0000-0x00000000000fffff] reserved
[    0.000000] BIOS-e820: [mem 0x0000000000100000-0x000000003ffeffff] usable
[    0.000000] BIOS-e820: [mem 0x000000003fff0000-0x000000003fffffff] ACPI data
[    0.000000] BIOS-e820: [mem 0x00000000fec00000-0x00000000fec00fff] reserved
[    0.000000] BIOS-e820: [mem 0x00000000fee00000-0x00000000fee00fff] reserved
[    0.000000] BIOS-e820: [mem 0x00000000fffc0000-0x00000000ffffffff] reserved
[    0.000000] NX (Execute Disable) protection: active
[    0.000000] SMBIOS 2.5 present.
[    0.000000] Hypervisor detected: KVM
[    0.000000] Kernel/User page tables isolation: disabled
[    0.000000] e820: last_pfn = 0x3fff0 max_arch_pfn = 0x400000000
[    0.000000] MTRR: Disabled
[    0.000000] x86/PAT: MTRRs disabled, skipping PAT initialization too.
[    0.000000] CPU MTRRs all blank - virtualized system.
[    0.000000] x86/PAT: Configuration [0-7]: WB  WT  UC- UC  WB  WT  UC- UC  
[    0.000000] found SMP MP-table at [mem 0x0009fff0-0x0009ffff] mapped at [ffff88000009fff0]
[    0.000000] Scanning 1 areas for low memory corruption
[    0.000000] RAMDISK: [mem 0x362f4000-0x37171fff]
[    0.000000] ACPI: Early table checksum verification disabled
[    0.000000] ACPI: RSDP 0x00000000000E0000 000024 (v02 VBOX  )
[    0.000000] ACPI: XSDT 0x000000003FFF0030 00003C (v01 VBOX   VBOXXSDT 00000001 ASL  00000061)
[    0.000000] ACPI: FACP 0x000000003FFF00F0 0000F4 (v04 VBOX   VBOXFACP 00000001 ASL  00000061)
[    0.000000] ACPI: DSDT 0x000000003FFF0470 0021FF (v02 VBOX   VBOXBIOS 00000002 INTL 20100528)
[    0.000000] ACPI: FACS 0x000000003FFF0200 000040
[    0.000000] ACPI: FACS 0x000000003FFF0200 000040
[    0.000000] ACPI: APIC 0x000000003FFF0240 00005C (v02 VBOX   VBOXAPIC 00000001 ASL  00000061)
[    0.000000] ACPI: SSDT 0x000000003FFF02A0 0001CC (v01 VBOX   VBOXCPUT 00000002 INTL 20100528)
[    0.000000] No NUMA configuration found
[    0.000000] Faking a node at [mem 0x0000000000000000-0x000000003ffeffff]
[    0.000000] NODE_DATA(0) allocated [mem 0x3ffeb000-0x3ffeffff]
[    0.000000] kvm-clock: Using msrs 4b564d01 and 4b564d00
[    0.000000] kvm-clock: cpu 0, msr 0:3ffe3001, pimy cpclk[   .000] kvclk:usinscd ffset of 3272275870 cycles
[    0.000000] clocksource: kvm-clock: mask: 0xffffffffffffffff max_cycles: 0x1cd42e4dffb, max_idle_ns: 881590591483 ns
[    0.000000] Zone ranges:
[    0.000000]   DMA      [mem 0x0000000000001000-0x0000000000ffffff]
[    0.000000]   DMA32    [mem 0x0000000001000000-0x000000003ffeffff
[    0.000000]   Normal   empty
[    0.000000]   Device   empty
[    0.000000] Movable zone start for each node
[    0.000000] Early memory node ranges
[    0.000000]   node   0: [mem 0x0000000000001000-0x000000000009efff]
[    0.000000]   node   0: [mem 0x0000000000100000-0x000000003ffeffff]
[    0.000000] Initmem setup node 0 [mem 0x0000000000001000-0x000000003ffeffff]
[    0.000000] ACPI: PM-Timer IO Port: 0x4008
[    0.000000] IOAPIC[0]: apic_id 2, version 32, address 0xfec00000, GSI 0-23
[    0.000000] ACPI: INT_SRC_OVR (bus 0 bus_irq 0 global_irq 2 dfl dfl)
[    0.000000] ACPI: INT_SRC_OVR (bus 0 bus_irq 9 global_irq 9 low level)
[    0.000000] Using ACPI (MADT) for SMP configuration information
[    0.000000] smpboot: Allowing 2 CPUs, 0 hotplug CPUs
[    0.000000] PM: Registered nosave memory: [mem 0x00000000-0x00000fff]
[    0.000000] PM: Registered nosave memory: [mem 0x0009f000-0x0009ffff]
[    0.000000] PM: Registered nosave memory: [mem 0x000a0000-0x000effff]
[    0.000000] PM: Registered nosave memory: [mem 0x000f0000-0x000fffff]
[    0.000000] e820: [mem 0x40000000-0xfebfffff] available for PCI devices
[    0.000000] Booting paravirtualized kernel on KVM
[    0.000000] clocksource: refined-jiffies: mask: 0xffffffff max_cycles: 0xffffffff, max_idle_ns: 7645519600211568 ns
[    0.000000] setup_percpu: NR_CPUS:512 nr_cpumask_bits:512 nr_cpu_ids:2 nr_node_ids:1
[    0.000000] PERCPU: Embedded 33 pages/cpu @ffff88003fc00000 s95448 r8192 d31528 u1048576
[    0.000000] Built 1 zonelists in Node order, mobility grouping on.  Total pages: 257912
[    0.000000] Policy zone: DMA32
[    0.000000] Kernel command line: BOOT_IMAGE=/boot/vmlinuz-4.4.0-170-generic root=LABEL=cloudimg-rootfs ro console=tty1 console=ttyS0
[    0.000000] PID hash table entries: 4096 (order: 3, 32768 bytes)
[    0.000000] Memory: 997716K/1048120K available (8626K kernel code, 1336K rwdata, 4036K rodata, 1488K init, 1288K bss, 50404K reserved, 0K cma-reserved)
[    0.000000] SLUB: HWalign=64, Order=0-3, MinObjects=0, CPUs=2, Nodes=1
[    0.000000] Hierarchical RCU implementation.
[    0.000000] 	Build-time adjustment of leaf fanout to 64.
[    0.000000] 	RCU restricting CPUs from NR_CPUS=512 to nr_cpu_ids=2.
[    0.000000] RCU: Adjusting geometry for rcu_fanout_leaf=64, nr_cpu_ids=2
[    0.000000] NR_IRQS:33024 nr_irqs:440 16
[    0.000000] Console: colour VGA+ 80x25
[    0.000000] console [tty1] enabled
[    0.000000] console [ttyS0] enabled
[    0.000000] tsc: Detected 1991.999 MHz processor
[    0.443093] Calibrating delay loop (skipped) preset value.. 3983.99 BogoMIPS (lpj=7967996)
[    0.444183] pid_max: default: 32768 minimum: 301
[    0.444757] ACPI: Core revision 20150930
[    0.445857] ACPI: 2 ACPI AML tables successfully acquired and loaded
[    0.446747] Security Framework initialized
[    0.447269] Yama: becoming mindful.
[    0.447784] AppArmor: AppArmor initialized
[    0.448378] Dentry cache hash table entries: 131072 (order: 8, 1048576 bytes)
[    0.449315] Inode-cache hash table entries: 65536 (order: 7, 524288 bytes)
[    0.452225] Mount-cache hash table entries: 2048 (order: 2, 16384 bytes)
[    0.452995] Mountpoint-cache hash table entries: 2048 (order: 2, 16384 bytes)
[    0.453870] Initializing cgroup subsys io
[    0.454406] Initializing cgroup subsys memory
[    0.454950] Initializing cgroup subsyys devices
[    0.455550] Initializing cgroup subsys freezer
[    0.456100] Initializing cgroup subsys net_cls
[    0.456690] Initializing cgroup subsys perf_event
[    0.457302] Initializing cgroup subsys net_prio
[    0.457860] Initializing cgroup subsys hugetlb
[    0.458461] Initializing cgroup subsys pids
[    0.460014] mce: CPU supports 0 MCE banks
[    0.539564] Last level iTLB entries: 4KB 64, 2MB 8, 4MB 8
[    0.543963] Last level dTLB entries: 4KB 64, 2MB 0, 4MB 0, 1GB 4
[    0.544689] Spectre V1 : Mitigation: usercopy/swapgs barriers and __user pointer sanitization
[    0.545784] Spectre V2 : Mitigation: Enhanced IBRS
[    0.548362] Spectre V2 : Spectre v2 / SpectreRSB mitigation: Filling RSB on context switch
[    0.549441] Speculative Store Bypass: Vulnerable
[    0.551783] Freeing SMP alternatives memory: 36K
[    0.556332] ftrace: allocating 32302 entries in 127 pages
[    0.587144] smpboot: APIC(0) Converting physical 0 to logical package 0
[    0.672691] smpboot: Max logical packages: 1
[    0.673462] x2apic enabled
[    0.674074] Switched APIC routing to physical x2apic.
[    0.675529] ..TIMER: vector=0x30 apic1=0 pin1=2 apic2=-1 pin2=-1
[    0.784319] smpboot: CPU0: Intel(R) Core(TM) i7-8565U CPU @ 1.80GHz (family: 0x6, model: 0x8e, stepping: 0xc)
[    0.833394] Performance Events: unsupported p6 CPU model 142 no PMU driver, software events only.
[    0.841129] KVM setup paravirtual spinlock
[    0.842172] x86: Booting SMP configuration:
[    0.842704] .... node  #0, CPUs:      #1
[    0.843301] kvm-clock: cpu 1, msr 0:3ffe3041, secondary cpu clock
[    0.933708] mce: CPU supports 0 MCE banks
[    1.005947] x86: Booted up 1 node, 2 CPUs
[    1.006738] smpboot: Total of 2 processors activated (7967.99 BogoMIPS)
[    1.007996] devtmpfs: initialized
[    1.010126] evm: security.selinux
[    1.010636] evm: security.SMACK64
[    1.011136] evm: security.SMACK64EXEC
[    1.011707] evm: security.SMACK64TRANSMUTE
[    1.012316] evm: security.SMACK64MMAP
[    1.012883] evm: security.ima
[    1.013348] evm: security.capability
[    1.014084] clocksource: jiffies: mask: 0xffffffff max_cycles: 0xffffffff, max_idle_ns: 7645041785100000 ns
[    1.027938] futex hash table entries: 512 (order: 3, 32768 bytes)
[    1.094366] pinctrl core: initialized pinctrl subsystem
[    1.235832] RTC time:  9:57:48, date: 12/29/19
[    1.361560] NET: Registered protocol family 16
[    1.509267] cpuidle: using governor ladder
[    1.573510] cpuidle: using governor menu
[    1.616825] PCCT header not found.
[    1.617346] ACPI: bus type PCI registered
[    1.617862] acpiphp: ACPI Hot Plug PCI Controller Driver version: 0.5
[    1.618890] PCI: Using configuration type 1 for base access
[    1.633627] ACPI: Added _OSI(Module Device)
[    1.647750] ACPI: Added _OSI(Processor Device)
[    1.648570] ACPI: Added _OSI(3.0 _SCP Extensions)
[    1.655546] ACPI: Added _OSI(Processor Aggregator Device)
[    1.656657] ACPI: Executed 1 blocks of module-level executable AML code
[    1.658825] ACPI: Interpreter enabled
[    1.659378] ACPI: (supports S0 S5)
[    1.659909] ACPI: Using IOAPIC for interrupt routing
[    1.660607] PCI: Using host bridge windows from ACPI; if necessary, use "pci=nocrs" and report a bug
[    1.664152] ACPI: PCI Root Bridge [PCI0] (domain 0000 [bus 00-ff])
[    1.754185] acpi PNP0A03:00: _OSC: OS supports [ASPM ClockPM Segments MSI]
[    1.755026] acpi PNP0A03:00: _OSC: not requesting OS control; OS requires [ExtendedConfig ASPM ClockPM MSI]
[    1.756223] acpi PNP0A03:00: fail to add MMCONFIG information, can't access extended PCI configuration space under this bridge.
[    1.757773] PCI host bridge to bus 0000:00
[    1.758337] pci_bus 0000:00: root bus resource [io  0x0000-0x0cf7 window]
[    1.759133] pci_bus 0000:00: root bus resource [io  0x0d00-0xffff window]
[    1.759918] pci_bus 0000:00: root bus resource [mem 0x000a0000-0x000bffff window]
[    1.760860] pci_bus 0000:00: root bus resource [mem 0x40000000-0xfdffffff window]
[    1.761836] pci_bus 0000:00: root bus resource [bus 00-ff]
[    1.763667] pci 0000:00:01.1: legacy IDE quirk: reg 0x10: [io  0x01f0-0x01f7]
[    1.764484] pci 0000:00:01.1: legacy IDE quirk: reg 0x14: [io  0x03f6]
[    1.765209] pci 0000:00:01.1: legacy IDE quirk: reg 0x18: [io  0x0170-0x0177]
[    1.766038] pci 0000:00:01.1: legacy IDE quirk: reg 0x1c: [io  0x0376]
[    1.820758] pci 0000:00:07.0: quirk: [io  0x4000-0x403f] claimed by PIIX4 ACPI
[    1.837526] pci 0000:00:07.0: quirk: [io  0x4100-0x410f] claimed by PIIX4 SMB
[    1.850336] ACPI: PCI Interrupt Link [LNKA] (IRQs 5 9 10 *11)
[    1.858473] ACPI: PCI Interrupt Link [LNKB] (IRQs 5 9 *10 11)
[    1.865828] ACPI: PCI Interrupt Link [LNKC] (IRQs 5 *9 10 11)
[    1.866884] ACPI: PCI Interrupt Link [LNKD] (IRQs 5 9 10 *11)
[    1.867885] ACPI: Enabled 2 GPEs in block 00 to 07
[    1.868823] vgaarb: setting as boot device: PCI:0000:00:02.0
[    1.908418] vgaarb: device added: PCI:0000:00:02.0,decodes=io+mem,owns=io+mem,locks=none
[    1.909541] vgaarb: loaded
[    1.910029] vgaarb: bridge control possible 0000:00:02.0
[    1.910866] SCSI subsystem initialized
[    1.911456] ACPI: bus type USB registered
[    1.912007] usbcore: registered new interface driver usbfs
[    1.912689] usbcore: registered new interface driver hub
[    1.913333] usbcore: registered new device driver usb
[    1.914170] PCI: Using ACPI for IRQ routing
[    1.940699] NetLabel: Initializing
[    1.957861] NetLabel:  domain hash size = 128
[    2.020478] NetLabel:  protocols = UNLABELED CIPSOv4
[    2.021175] NetLabel:  unlabeled traffic allowed by default
[    2.021981] amd_nb: Cannot enumerate AMD northbridges
[    2.040224] clocksource: Switched to clocksource kvm-clock
[    2.049020] AppArmor: AppArmor Filesystem Enabled
[    2.052865] pnp: PnP ACPI init
[    2.053942] pnp: PnP ACPI: found 3 devices
[    2.063072] clocksource: acpi_pm: mask: 0xffffff max_cycles: 0xffffff, max_idle_ns: 2085701024 ns
[    2.064291] NET: Registered protocol family 2
[    2.065110] TCP established hash table entries: 8192 (order: 4, 65536 bytes)
[    2.066137] TCP bind hash table entries: 8192 (order: 5, 11072 bytes)
[    2.096962] TCP: Hash tables configured (established 8192 bind 8192)
[    2.097745] UDP hash table entries: 512 (order: 2, 16384 bytes)
[    2.098506] UDP-Lite hash ble entries: 512 (order: 2, 16384 bytes)
[    2.138852] NET: Registered protocol family 1
[    2.139416] pci 0000:00:00.0: Limiting direct PCI/PCI transfers
[    2.140143] pci 0000:00:01.0: Activating ISA DMA hang workarounds
[    2.143024] Unpacking initramfs...

[    2.338066] Freeing initrd memory: 14840K
[    2.463012] clocksource: tsc: mask: 0xffffffffffffffff max_cycles: 0x396d4ffc055, max_idle_ns: 881590662783 ns
[    2.841944] platform rtc_cmos: registered platform RTC device (no PNP device found)
[    2.899180] Scanning for low memory corruption every 60 seconds
[    2.900346] audit: initializing netlink subsys (disabled)
[    2.901206] audit: type=2000 audit(1577613473.803:1): initialized
[    2.902336] Initialise system trusted keyring
[    2.903189] HugeTLB registered 2 MB page size, pre-allocated 0 pages
[    2.905077] zbud: loaded
[    2.912275] VFS: Disk quotas dquot_6.6.0
[    2.912980] VFS: Dquot-cache hash table entries: 512 (order 0, 4096 bytes)
[    2.914177] squashfs: version 4.0 (2009/01/31) Phillip Lougher
[    2.915315] fuse init (API version 7.23)
[    2.918103] Key type big_key registered
[    2.918953] Allocating IMA MOK and blacklist keyrings.
[    3.068390] Key type asymmetric registered
[    3.107388] Asymmetric key parser 'x509' registered
[    3.108082] Block layer SCSI generic (bsg) driver version 0.4 loaded (major 249)
[    3.109170] io scheduler noop registered
[    3.109734] io scheduler deadline registered (default)
[    3.110435] io scheduler cfq registered
[    3.111101] pci_hotplug: PCI Hot Plug PCI Core version: 0.5
[    3.111960] pciehp: PCI Express Hot Plug Controller Driver version: 0.4
[    3.113127] ACPI: AC Adapter [AC] (on-line)
[    3.115500] input: Power Button as /devices/LNXSYSTM:00/LNXPWRBN:00/input/input0
[    3.116575] ACPI: Power Button [PWRF]
[    3.138764] input: Sleep Button as /devices/LNXSYSTM:00/LNXSLPBN:00/input/input1
[    3.139969] ACPI: Sleep Button [SLPF]
[    3.141239] ACPI: Battery Slot [BAT0] (battery present)
[    3.142089] GHES: HEST is not enabled!
[    3.142761] Serial: 8250/16550 driver, 32 ports, IRQ sharing enabled
[    3.165045] 00:02: ttyS0 at I/O 0x3f8 (irq = 4, base_baud = 115200) is a 16550A
[    3.312178] Linux agpgart interface v0.103
[    3.396829] loop: module loaded
[    3.436635] scsi host0: ata_piix
[    3.502697] scsi host1: ata_piix
[    3.573755] ata1: PATA max UDMA/33 cmd 0x1f0 ctl 0x3f6 bmdma 0xd000 irq 14
[    3.713342] ata2: PATA max UDMA/33 cmd 0x170 ctl 0x376 bmdma 0xd008 irq 15
[    3.889146] libphy: Fixed MDIO Bus: probed
[    3.959275] tun: Universal TUN/TAP device driver, 1.6
[    4.065783] tun: (C) 1999-2004 Max Krasnyansky <maxk@qualcomm.com>
[    4.163513] PPP generic driver version 2.4.2
[    4.164185] ehci_hcd: USB 2.0 'Enhanced' Host Controller (EHCI) Driver
[    4.165049] ehci-pci: EHCI PCI platform driver
[    4.187979] ehci-platform: EHCI generic platform driver
[    4.188874] ohci_hcd: USB 1.1 'Open' Host Controller (OHCI) Driver
[    4.189824] ohci-pci: OHCI PCI platform driver
[    4.190582] ohci-platform: OHCI generic platform driver
[    4.191452] uhci_hcd: USB Universal Host Controller Interface driver
[    4.192506] i8042: PNP: PS/2 Controller [PNP0303:PS2K,PNP0f03:PS2M] at 0x60,0x64 irq 1,12
[    4.194485] serio: i8042 KBD port at 0x60,0x64 irq 1
[    4.195321] serio: i8042 AUX port at 0x60,0x64 irq 12
[    4.196277] mousedev: PS/2 mouse device common for all mice
[    4.197601] input: AT Translated Set 2 keyboard as /devices/platform/i8042/serio0/input/input2
[    4.273919] rtc_cmos rtc_cmos: rtc core: registered rtc_cmos as rtc0
[    4.381730] rtc_cmos rtc_cmos: alarms up to one day, 114 bytes nvram
[    4.382699] i2c /dev entries driver
[   .407 dicmaerueent:erio1.0.3
[    4.867897] device-mapper: ioctl: 4.34.0-ioctl (2015-10-28) initialised: dm-devel@redhat.com
[    5.015365] ledtrig-cpu: registered to indicate activity on CPUs
[    5.154159] NET: Registered protocol family 10
[    5.211731] NET: Registered protocol family 17
[    5.212543] Key type dns_resolver registered
[    5.213400] registered taskstats version 1
[    5.214037] Loading compiled-in X.509 certificates
[    5.215180] Loaded X.509 cert 'Build time autogenerated kernel key: f0e56e97f406068ace47a9bf54316e9855aaaa43'
[    5.217959] zswap: loaded using pool lzo/zbud
[    5.220017] Key type trusted registered
[    5.224340] Key type encrypted registered
[    5.225039] AppArmor: AppArmor sha1 policy hashing enabled
[    5.225859] ima: No TPM chip found, activating TPM-bypass!
[    5.226712] ima: Allocated hash algorithm: sha1
[    5.249507] evm: HMAC attrs: 0x1
[    5.250421]   Magic number: 15:612:981
[    5.251171] rtc_cmos rtc_cmos: setting system clock to 2019-12-29 09:57:52 UTC (1577613472)
[    5.252636] BIOS EDD facility v0.16 2004-Jun-25, 0 devices found
[    5.253562] EDD information not available.
[    5.255487] Freeing unused kernel memory: 1488K
[    5.269252] Write protecting the kernel read-only data: 14336k
[    5.449393] Freeing unused kernel memory: 1604K
[    5.532013] Freeing unused kernel memory: 60K
Loading, please wait...
starting version 229
[    5.656698] random: systemd-udevd: uninitialized urandom read (16 bytes read, 5 bits of entropy available)
[    5.657144] random: udevadm: uninitialized urandom read (16 bytes read, 5 bits of entropy available)
[    5.657155] random: udevadm: uninitialized urandom read (16 bytes read, 5 bits of entropy available)
[    5.661407] random: udevadm: uninitialized urandom read (16 bytes read, 5 bits of entropy available)
[    5.661444] random: udevadm: uninitialized urandom read (16 bytes read, 5 bits of entropy available)
[    5.661508] random: udevadm: uninitialized urandom read (16 bytes read, 5 bits of entropy available)
[    5.661531] random: udevadm: uninitialized urandom read (16 bytes read, 5 bits of entropy available)
[    5.661554] random: udevadm: uninitialized urandom read (16 bytes read, 5 bits of entropy available)
[    5.661578] random: udevadm: uninitialized urandom read (16 bytes read, 5 bits of entropy available)
[    5.661599] random: udevadm: uninitialized urandom read (16 bytes read, 5 bits of entropy available)
[    6.324146] Fusion MPT base driver 3.04.20
[    6.402863] Copyright (c) 1999-2008 LSI Corporation
[    6.478879] e1000: Intel(R) PRO/1000 Network Driver - version 7.3.21-k8-NAPI
[    6.479812] e1000: Copyright (c) 1999-2006 Intel Corporation.
[    6.489368] AVX2 version of gcm_enc/dec engaged.
[    6.512276] AES CTR mode by8 optimization enabled
[    6.515650] Fusion MPT SPI Host driver 3.04.20
[    6.690922] input: ImExPS/2 Generic Explorer Mouse as /devices/platform/i8042/serio1/input/input4
[    6.827221] e1000 0000:00:03.0 eth0: (PCI:33MHz:32-bit) 02:4f:25:6a:cc:77
[    6.854540] e1000 0000:00:03.0 eth0: Intel(R) PRO/1000 Network Connection
[    7.311939] e1000 0000:00:08.0 eth1: (PCI:33MHz:32-bit) 08:00:27:5a:00:f3
[    7.337024] e1000 0000:00:08.0 eth1: Intel(R) PRO/1000 Network Connection
[    7.338564] e1000 0000:00:03.0 enp0s3: renamed from eth0
[    7.363889] mptbase: ioc0: Initiating bringup
[    7.456443] e1000 0000:00:08.0 enp0s8: renamed from eth1
[    7.593048] ioc0: LSI53C1030 A0: Capabilities={Initiator}
[    8.874508] scsi host2: ioc0: LSI53C1030 A0, FwRev=00000000h, Ports=1, MaxQ=256, IRQ=20
[   10.762186] scsi 2:0:0:0: Direct-Access     VBOX     HARDDISK         1.0  PQ: 0 ANSI: 5
[   10.951099] scsi target2:0:0: Beginning Domain Validation
[   11.003352] scsi target2:0:0: Domain Validation skipping write tests
[   11.058515] scsi target2:0:0: Ending Domain Validation
[   11.059340] scsi target2:0:0: asynchronous
[   11.161771] scsi 2:0:1:0: Direct-Access     VBOX     HARDDISK         1.0  PQ: 0 ANSI: 5
[   11.184094] scsi target2:0:1: Beginning Domain Validation
[   11.186845] scsi target2:0:1: Domain Validation skipping write tests
[   11.194232] scsi target2:0:1: Ending Domain Validation
[   11.312312] scsi target2:0:1: asynchronous
[   11.414252] sd 2:0:0:0: Attached scsi generic sg0 type 0
[   11.414480] sd 2:0:0:0: [sda] 20971520 512-byte logical blocks: (10.7 GB/10.0 GiB)
[   11.414555] sd 2:0:0:0: [sda] Write Protect is off
[   11.414603] sd 2:0:0:0: [sda] Incomplete mode parameter data
[   11.414604] sd 2:0:0:0: [sda] Assuming drive cache: write through
[   11.419681] sd 2:0:1:0: Attached scsi generic sg1 type 0
[   11.419891] sd 2:0:1:0: [sdb] 20480 512-byte logical blocks: (10.5 MB/10.0 MiB)
[   11.420184] sd 2:0:1:0: [sdb] Write Protect is off
[   11.420362] sd 2:0:1:0: [sdb] Incomplete mode parameter data
[   11.420362] sd 2:0:1:0: [sdb] Assuming drive cache: write through
[   11.422431]  sda: sda1
[   11.422848] sd 2:0:0:0: [sda] Attached SCSI disk
[   11.423373] sd 2:0:1:0: [sdb] Attached SCSI disk
Begin: Loading e[   12.824306] md: linear personality registered for level -1
ssential drivers[   12.875275] md: multipath personality registered for level -4
 ... [   12.957996] md: raid0 personality registered for level 0
[   12.998355] md: raid1 personality registered for level 1
[   13.132368] raid6: sse2x1   gen() 13382 MB/s
[   13.244610] raid6: sse2x1   xor()  8936 MB/s
[   13.340302] raid6: sse2x2   gen() 18348 MB/s
[   13.428550] raid6: sse2x2   xor() 12094 MB/s
[   13.536733] raid6: sse2x4   gen() 20064 MB/s
[   13.608266] raid6: sse2x4   xor() 12491 MB/s
[   13.748947] raid6: avx2x1   gen() 22936 MB/s
[   13.904600] raid6: avx2x2   gen() 33411 MB/s
[   13.976264] raid6: avx2x4   gen() 36557 MB/s
[   14.069659] raid6: using algorithm avx2x4 gen() 36557 MB/s
[   14.261891] raid6: using avx2x2 recovery algorithm
[   14.424937] xor: automatically using best checksumming function:
[   14.472436]    avx       : 37053.000 MB/sec
[   14.565287] async_tx: api initialized (async)
[   14.678478] md: raid6 personality registered for level 6
[   14.686802] md: raid5 personality registered for level 5
[   14.687524] md: raid4 personality registered for level 4
[   14.692556] md: raid10 personality registered for level 10
done.
Begin: Running /scripts/init-premount ... done.
Begin: Mounting root file system ... Begin: Running /scripts/local-top ... done.
Begin: Running /scripts/local-premount ... [   14.744516] Btrfs loaded
Scanning for Btrfs filesystems
done.
Warning: fsck not present, so skipping root file system
[   14.778898] EXT4-fs (sda1): mounted filesystem with ordered data mode. Opts: (null)
done.
Begin: Running /scripts/local-bottom ... done.
Begin: Running /scripts/init-bottom ... done.
[   14.839248] systemd[1]: systemd 229 running in system mode. (+PAM +AUDIT +SELINUX +IMA +APPARMOR +SMACK +SYSVINIT +UTMP +LIBCRYPTSETUP +GCRYPT +GNUTLS +ACL +XZ -LZ4 +SECCOMP +BLKID +ELFUTILS +KMOD -IDN)
[   14.841363] systemd[1]: Detected virtualization oracle.
[   14.933880] systemd[1]: Detected architecture x86-64.

Welcome to [1mUbuntu 16.04.6 LTS[0m!

[   15.090148] systemd[1]: Set hostname to <ubuntu>.
[   15.105901] systemd[1]: Initializing machine ID from random generator.
[   15.301057] systemd[1]: Installed transient /etc/machine-id file.
[   15.523965] systemd[1]: Reached target System Time Synchronized.
[[0;32m  OK  [0m] Reached target System Time Synchronized.
[   15.525819] systemd[1]: Listening on Journal Audit Socket.
[[0;32m  OK  [0m] Listening on Journal Audit Socket.
[   15.527380] systemd[1]: Listening on LVM2 poll daemon socket.
[[0;32m  OK  [0m] Listening on LVM2 poll daemon socket.
[   15.528780] systemd[1]: Reached target User and Group Name Lookups.
[[0;32m  OK  [0m] Reached target User and Group Name Lookups.
[   15.530462] systemd[1]: Created slice User and Session Slice.
[[0;32m  OK  [0m] Created slice User and Session Slice.
[   15.531894] systemd[1]: Started Trigger resolvconf update for networkd DNS.
[[0;32m  OK  [0m] Started Trigger resolvconf update for networkd DNS.
[   15.605094] systemd[1]: Reached target Swap.
[[0;32m  OK  [0m] Reached target Swap.
[   15.792700] systemd[1]: Listening on /dev/initctl Compatibility Named Pipe.
[[0;32m  OK  [0m] Listening on /dev/initctl Compatibility Named Pipe.
[   15.805702] systemd[1]: Created slice System Slice.
[[0;32m  OK  [0m] Created slice System Slice.
[   15.872989] systemd[1]: Created slice system-serial\x2dgetty.slice.
[[0;32m  OK  [0m] Created slice system-serial\x2dgetty.slice.
[   16.173603] systemd[1]: Reached target Slices.
[[0;32m  OK  [0m] Reached target Slices.
[   16.348732] systemd[1]: Listening on LVM2 metadata daemon socket.
[[0;32m  OK  [0m] Listening on LVM2 metadata daemon socket.
[   16.497020] systemd[1]: Listening on udev Control Socket.
[[0;32m  OK  [0m] Listening on udev Control Socket.
[   16.641188] systemd[1]: Listening on Journal Socket.
[[0;32m  OK  [0m] Listening on Journal Socket.
[   16.785053] systemd[1]: Mounting Debug File System...
[   16.793259] random: nonblocking pool is initialized
         Mounting Debug File System...
[   16.864303] systemd[1]: Mounting Huge Pages File System...
         Mounting Huge Pages File System...
[   16.866133] systemd[1]: Starting Create list of required static device nodes for the current kernel...
         Starting Create list of required st... nodes for the current kernel...
[   17.049238] systemd[1]: Starting Nameserver information manager...
         Starting Nameserver information manager...
[   17.221338] systemd[1]: Starting Remount Root and Kernel File Systems...
[   17.236007] EXT4-fs (sda1): re-mounted. Opts: (null)
         Starting Remount Root and Kernel File Systems...
[   17.392634] systemd[1]: Starting Load Kernel Modules...
[   17.482574] Loading iSCSI transport class v2.0-870.
         Startin[   17.487637] iscsi: registered transport (tcp)
g Load Kernel Modules...
[   17.614096] iscsi: registered transport (iser)
[   18.584908] systemd[1]: Reached target Encrypted Volumes.
[[0;32m  OK  [0m] Reached target Encrypted Volumes.
[   18.725079] systemd[1]: Set up automount Arbitrary Executable File Formats File System Automount Point.
[[0;32m  OK  [0m] Set up automount Arbitrary Executab...ats File System Automount Point.
[ 1842995]ysmd[1: sting on Syslog Socket.
[[0;32m  OK  [0m] Listening on Syslog Socket.
[   19.035333] systemd[1]: Listening on Journal Socket (/dev/log).
[[0;32m  OK  [0m] Listening on Journal Socket (/dev/log).

[   19.048817] systemd[1]: Starting Journal Service...
         Starting Journal Service...
[ 19179]ysmd]: Listningn evceaper entdaem FOs

[[0;32m  OK  [0m] Listening on Device-mapper event daemon FIFOs.
[   19.884840] systemd[1]: Starting Monitoring of LVM2 mirrors, snapshots etc. using dmeventd or progress polling...
         Starting Monitoring of LVM2 mirrors... dmeventd or progress polling...
[   20.004670] systemd[1]: Starting Set console keymap...
         Starting Set console keymap...
[   20.014579] systemd[1]: Mounting POSIX Message Queue File System...
         Mounting POSIX Message Queue File System...
[   20.017454] systemd[1]: Starting Uncomplicated firewall...
         Starting Uncomplicated firewall...
[   20.021519] systemd[1]: Started Forward Password Requests to Wall Directory Watch.
[[0;32m  OK  [0m] Started Forward Password Requests to Wall Directory Watch.
[ 200785 sted[1] Liseninondev erl ck.
[[0;32m  OK  [0m] Listening on udev Kernel Socket.
[  2640399] std[: MoteDeg leystem.

[[0;32m  OK  [0m] Mounted Debug File System.
[ 21003]ysmd]:ouedugPas le System.
[[0;32m  OK  [0m] Mounted Huge Pages File System.
[   21.605868] systemd[1]: Mounted POSIX Message Queue File System.
[[0;32m  OK  [0m] Mounted POSIX Message Queue File System.
[   21.607878] systemd[1]: Started Journal Service.
[[0;32m  OK  [0m] Started Journal Service.
[[0;32m  OK  [0m] Started Create list of required sta...ce nodes for the current kernel.
[[0;32m  OK  [0m] Started Remount Root and Kernel File Systems.
[[0;32m  OK  [0m] Started Load Kernel Modules.
[[0;32m  OK  [0m] Started Set console keymap.
[[0;32m  OK  [0m] Started Uncomplicated firewall.
[[0;32m  OK  [0m] Started Nameserver information manager.
[[0;32m  OK  [0m] Started LVM2 metadata daemon.
         Starting Apply Kernel Variables...
         Mounting FUSE Control File System...
         Starting udev Coldplug all Devices...
         Starting Load/Save Random Seed...
         Starting Create Static Device Nodes in /dev...
         Starting Flush Journal to Persistent Storage...
[[0;32m  OK  [0m] Mounted FUSE Control File System.
[[0;32m  OK  [0m] Started Monitoring of LVM2 mirrors,...ng dmeventd or progress polling.
[[0;32m  OK  [0m] Started Apply Kernel Variables.
[[0;32m  OK  [0m] Started Load/Save Random Seed.
[[0;32m  OK  [0m] Started Create Static Device Nodes in /dev.
[[0;32m  OK  [0m] Started udev Coldplug all Devices.
         Starting udev Kernel Device Manager...
[[0;32m  OK  [0m] Reached target Local File Systems (Pre).
[[0;32m  OK  [0m] Reached target Local File Systems.
         Starting Commit a transient machine-id on disk...
         Starting Set console font and keymap...
         Starting LSB: AppArmor initialization...
         Starting Tell Plymouth To Write Out Runtime Data...
         Starting Initial cloud-init job (pre-networking)...
[[0;32m  OK  [0m] Started udev Kernel Device Manager.
[[0;32m  OK  [0m] Started Flush Journal to Persistent Storage.
[[0;32m  OK  [0m] Started Commit a transient machine-id on disk.
[[0;32m  OK  [0m] Started Tell Plymouth To Write Out Runtime Data.
[[0;32m  OK  [0m] Found device /dev/ttyS0.
[[0;32m  OK  [0m] Started Set console font and keymap.
[[0;32m  OK  [0m] Listening on Load/Save RF Kill Switch Status /dev/rfkill Watch.
[[0;32m  OK  [0m] Created slice system-getty.slice.
         Starting Create Volatile Files and Directories...
[[0;32m  OK  [0m] Started Dispatch Password Requests to Console Directory Watch.
[[0;32m  OK  [0m] Started Create Volatile Files and Directories.
         Starting Update UTMP about System Boot/Shutdown...
[[0;32m  OK  [0m] Started Update UTMP about System Boot/Shutdown.
[   22.281040] cloud-init[621]: Cloud-init v. 19.2-36-g059d049c-0ubuntu2~16.04.1 running 'init-local' at Sun, 29 Dec 2019 09:58:10 +0000. Up 21.97 seconds.
[[0;32m  OK  [0m] Started Initial cloud-init job (pre-networking).
[[0;32m  OK  [0m] Started LSB: AppArmor initialization.
[[0;32m  OK  [0m] Reached target Network (Pre).
         Starting Raise network interfaces...
[[0;32m  OK  [0m] Started Raise network interfaces.
[[0;32m  OK  [0m] Reached target Network.
         Starting Initial cloud-init job (metadata service crawler)...
[   23.290732] cloud-init[951]: Cloud-init v. 19.2-36-g059d049c-0ubuntu2~16.04.1 running 'init' at Sun, 29 Dec 2019 09:58:11 +0000. Up 22.90 seconds.
[   23.478390] cloud-init[951]: ci-info: ++++++++++++++++++++++++++++++++++++++Net device info+++++++++++++++++++++++++++++++++++++++
[   23.479748] cloud-init[951]: ci-info: +--------+-------+----------------------------+---------------+--------+-------------------+
[[0;32m  OK  [0m] Started Initial cloud-init job (metadata service crawler).
[   23.480976] cloud-init[951]: ci-info: | Device |   Up  |          Address           |      Mask     | Scope  |     Hw-Address    |
[   23.909167] cloud-init[951]: ci-info: +--------+-------+----------------------------+---------------+--------+-------------------+
[   23.910318] cloud-init[951]: ci-info: | enp0s3 |  True |         10.0.2.15          | 255.255.255.0 | global | 02:4f:25:6a:cc:77 |
[[0;32m  OK  [0m] Reached target System Initialization.
[   23.911415] cloud-init[951]: ci-info: | enp0s3 |  True | fe80::4f:25ff:fe6a:cc77/64 |       .       |  link  | 02:4f:25:6a:cc:77 |
[   24.293092] cloud-init[951]: ci-info: | enp0s8 | False |             .              |       .       |   .    | 08:00:27:5a:00:f3 |
[   24.294231] cloud-init[951]: ci-info: |   lo   |  True |         127.0.0.1          |   255.0.0.0   |  host  |         .         |
         Starting LXD - unix socket.
[   24.295823] cloud-init[951]: ci-info: |   lo   |  True |          ::1/128           |       .       |  host  |         .         |
[   24.542536] cloud-init[951]: ci-info: +--------+-------+----------------------------+---------------+--------+-------------------+
[[0;32m  OK  [0m] Started Message of the Day.
[   24.543507] cloud-init[951]: ci-info: +++++++++++++++++++++++++++Route IPv4 info++++++++++++++++++++++++++++
[   24.827065] cloud-init[951]: ci-info: +-------+-------------+----------+---------------+-----------+-------+
[[0;32m  OK  [0m] Started Daily apt download activities.
[   24.828232] cloud-init[951]: ci-info: | Route | Destination | Gateway  |    Genmask    | Interface | Flags |
[   25.066443] cloud-init[951]: ci-info: +-------+-------------+----------+---------------+-----------+-------+
[[0;32m  OK  [0m] Listening on D-Bus System Message Bus Socket.
[   25.067735] cloud-init[951]: ci-info: |   0   |   0.0.0.0   | 10.0.2.2 |    0.0.0.0    |   enp0s3  |   UG  |
[   25.294257] cloud-init[951]: ci-info: |   1   |   10.0.2.0  | 0.0.0.0  | 255.255.255.0 |   enp0s3  |   U   |
[[0;32m  OK  [0m] Listening on UUID daemon activation socket.
[[   25.295118] cloud-init[951]: ci-info: +-------+-------------+----------+---------------+-----------+-------+
[   25.581442] cloud-init[951]: ci-info: +++++++++++++++++++Route IPv6 info+++++++++++++++++++
[0;32m  OK  [0m] Started Daily Cleanup of Temporary Directories.
[[   25.581635] cloud-init[951]: ci-info: +-------+-------------+---------+-----------+-------+
[   25.761163] cloud-init[951]: ci-info: | Route | Destination | Gateway | Interface | Flags |
[0;32m  OK  [0m] Listening on ACPID Listen Socket.
[   25.761253] cloud-init[951]: ci-info: +-------+-------------+---------+-----------+-------+
[   25.769578] cloud-init[951]: ci-info: |   0   |  fe80::/64  |    ::   |   enp0s3  |   U   |
[   25.769668] cloud-init[951]: ci-info: |   3   |   ff00::/8  |    ::   |   enp0s3  |   U   |
[   25.769747] cloud-init[951]: ci-info: +-------+-------------+---------+-----------+-------+
[   25.769839] cloud-init[951]: Generating public/private rsa key pair.
[   25.769934] cloud-init[951]: Your identification has been saved in /etc/ssh/ssh_host_rsa_key.
[   25.770028] cloud-init[951]: Your public key has been saved in /etc/ssh/ssh_host_rsa_key.pub.
[   25.770120] cloud-init[951]: The key fingerprint is:
[   25.770214] cloud-init[951]: SHA256:r40Vj6bi9CZ+J/qeeeeo4WV+1LNGzfGmcMTsaH8XtXo root@ubuntu-xenial
[   25.770307] cloud-init[951]: The key's randomart image is:
[   25.770402] cloud-init[951]: +---[RSA 2048]----+
[   25.770601] cloud-init[951]: |                 |
[   25.770690] cloud-init[951]: |                 |
[   25.770783] cloud-init[951]: |             o   |
[   25.770876] cloud-init[951]: |              +..|
[   25.770969] cloud-init[951]: |        S .  = o=|
[   25.771063] cloud-init[951]: |         . += *o=|
[   25.771157] cloud-init[951]: |      . . Bo.=.=.|
[   25.771250] cloud-init[951]: |     .oo+#o.o.=Eo|
[   25.771345] cloud-init[951]: |     o+O%=++.....|
[   25.771437] cloud-init[951]: +----[SHA256]-----+
[   25.771550] cloud-init[951]: Generating public/private dsa key pair.
[   25.771688] cloud-init[951]: Your identification has been saved in /etc/ssh/ssh_host_dsa_key.
[   25.771817] cloud-init[951]: Your public key has been saved in /etc/ssh/ssh_host_dsa_key.pub.
[   25.771920] cloud-init[951]: The key fingerprint is:
[[0;32m  OK  [0m] Started Daily apt upgrade and clean activities.[   25.772284] 
cloud-init[951]: SHA256:VCcRXWk4LlbUJffrTlO4o9ZN6ti2igo0Qm+zLQvrzvQ root@ubuntu-xenial
[   25.942139] cloud-init[951]: The key's randomart image is:
[   25.942335] cloud-init[951]: +---[DSA 1024]----+
[   25.942448] cloud-init[951]: |          ==o+ooo|
[   25.942575] cloud-init[951]: |         . o= +o.|
[   25.942705] cloud-init[951]: |    .   .  o o  .|
[   25.942849] cloud-init[951]: |   . . .  o .  ..|
[   25.942972] cloud-init[951]: |    . * S. .  ...|
[[0;32m  OK  [0m] Reached target Timers.
[   25.943098] cloud-init[951]: |     + =      ..o|
[   25.947339] cloud-init[951]: |    o + .    .oB |
[   25.948138] cloud-init[951]: |   o + +   ..+*.o|
[   25.948386] cloud-init[951]: |   o= E ....+++o |
[   25.948479] cloud-init[951]: +----[SHA256]-----+
[   25.948573] cloud-init[951]: Generating public/private ecdsa key pair.
[   25.948681] cloud-init[951]: Your identification has been saved in /etc/ssh/ssh_host_ecdsa_key.
[   25.948782] cloud-init[951]: Your public key has been saved in /etc/ssh/ssh_host_ecdsa_key.pub.
[   25.948884] cloud-init[951]: The key fingerprint is:
[   25.948990] cloud-init[951]: SHA256:wxVnpnVL5Y6QXKKln/vMW+5LnRys+KSLXpIbV093SCY root@ubuntu-xenial
[   25.949131] cloud-init[951]: The key's randomart image is:
[   25.949241] cloud-init[951]: +---[ECDSA 256]---+
[   25.949358] cloud-init[951]: |          . B +..|
[   25.949463] cloud-init[951]: |           % * o |
[   25.949554] cloud-init[951]: |          = E + .|
[   25.949662] cloud-init[951]: |       . . . *.+ |
[   25.949755] cloud-init[951]: |        S   o.o++|
[   25.949856] cloud-init[951]: |         .. o.= *|
[   25.949983] cloud-init[951]: |         + +.o =o|
[   25.950071] cloud-init[951]: |          B ++.o |
[   25.950162] cloud-init[951]: |        .+ o..=++|
[   25.950252] cloud-init[951]: +----[SHA256]-----+
[   25.950349] cloud-init[951]: Generating public/private ed25519 key pair.
[   25.950438] cloud-init[951]: Your identification has been saved in /etc/ssh/ssh_host_ed25519_key.
[   25.950532] cloud-init[951]: Your public key has been saved in /etc/ssh/ssh_host_ed25519_key.pub.
[   25.950625] cloud-init[951]: The key fingerprint is:
[   25.950718] cloud-init[951]: SHA256:9hIlJ26dLEkIwAjlAiZDJAHQy8pKPzk913NSZwqTIaQ root@ubuntu-xenial
[   25.950812] cloud-init[951]: The key's randomart image is:
[   25.950903] cloud-init[951]: +--[ED25519 256]--+
[   25.951098] cloud-init[951]: |/Xo..            |
[   25.951187] cloud-init[951]: |*oo  . o         |
[   25.951386] cloud-init[951]: |....  + + o      |
[   25.951468] cloud-init[951]: | .o  E + X .     |
[   25.951559] cloud-init[951]: |..      S *      |
[   25.951652] cloud-init[951]: |.o     o B . o   |
[   25.951743] cloud-init[951]: |o . o   o = +    |
[   25.951839] cloud-init[951]: |.  = o . = o     |
[   25.951965] cloud-init[951]: |    o o   +      |
[   25.952169] cloud-init[951]: +----[SHA256]-----+
[[0;32m  OK  [0m] Started ACPI Events Check.
[[0;32m  OK  [0m] Reached target Paths.
         Starting Socket activation for snappy daemon.
[[0;32m  OK  [0m] Reached target Network is Online.
         Starting iSCSI initiator daemon (iscsid)...
[[0;32m  OK  [0m] Reached target Cloud-config availability.
[[0;32m  OK  [0m] Listening on LXD - unix socket.
[[0;32m  OK  [0m] Listening on Socket activation for snappy daemon.
[[0;32m  OK  [0m] Reached target Sockets.
[[0;32m  OK  [0m] Reached target Basic System.
         Starting Virtualbox guest utils...
         Starting Login Service...
         Starting LSB: Record successful boot for GRUB...
         Starting System Logging Service...
         Starting Pollinate to seed the pseudo random number generator...
         Starting Accounts Service...
[[0;32m  OK  [0m] Started FUSE filesystem for LXC.
[[0;32m  OK  [0m] Started Deferred execution scheduler.
         Starting Snappy daemon...
[[0;32m  OK  [0m] Started Regular background program processing daemon.
[[0;32m  OK  [0m] Started D-Bus System Message Bus.
[[0;32m  OK  [0m] Started ACPI event daemon.
         Starting LSB: MD monitoring daemon...
         Starting /etc/rc.local Compatibility...
         Starting LXD - container startup/shutdown...
[[0;32m  OK  [0m] Started System Logging Service.
[[0;32m  OK  [0m] Started iSCSI initiator daemon (iscsid).
[[0;32m  OK  [0m] Started /etc/rc.local Compatibility.
[[0;32m  OK  [0m] Started LSB: Record successful boot for GRUB.
[[0;32m  OK  [0m] Started Login Service.
[[0;32m  OK  [0m] Started Snappy daemon.
[[0;32m  OK  [0m] Started Virtualbox guest utils.
[[0;32m  OK  [0m] Started Pollinate to seed the pseudo random number generator.
[[0;32m  OK  [0m] Started LSB: MD monitoring daemon.
[[0;32m  OK  [0m] Started LXD - container startup/shutdown.
         Starting OpenBSD Secure Shell server...
         Starting Wait until snapd is fully seeded...
[[0;32m  OK  [0m] Started Unattended Upgrades Shutdown.
         Starting Authenticate and Authorize Users to Run Privileged Tasks...
         Starting Login to default iSCSI targets...
[[0;32m  OK  [0m] Started Authenticate and Authorize Users to Run Privileged Tasks.
[[0;32m  OK  [0m] Started Accounts Service.
[[0;32m  OK  [0m] Started OpenBSD Secure Shell server.
[[0;32m  OK  [0m] Started Login to default iSCSI targets.
[[0;32m  OK  [0m] Reached target Remote File Systems (Pre).
[[0;32m  OK  [0m] Reached target Remote File Systems.
         Starting Permit User Sessions...
         Starting LSB: Set the CPU Frequency Scaling governor to "ondemand"...
         Starting LSB: daemon to balance interrupts for SMP systems...
         Starting LSB: automatic crash report generation...
[[0;32m  OK  [0m] Started Wait until snapd is fully seeded.
[[0;32m  OK  [0m] Started Permit User Sessions.
[[0;32m  OK  [0m] Created slice User Slice of vagrant.
         Starting User Manager for UID 1000...
[[0;32m  OK  [0m] Started Session 1 of user vagrant.
         Starting Hold until boot process finishes up...
         Starting Terminate Plymouth Boot Screen...
         Starting Apply the settings specified in cloud-config...
[[0;32m  OK  [0m] Started User Manager for UID 1000.
[[0;32m  OK  [0m] Started LSB: Set the CPU Frequency Scaling governor to "ondemand".
[[0;32m  OK  [0m] Started LSB: daemon to balance interrupts for SMP systems.
[   28.297840] cloud-init[1300]: Generating locales (this might take a while)...
[[0;32m  OK  [0m] Started LSB: automatic crash report generation.
[[0;32m  OK  [0m] Started Hold until boot process finishes up.
[[0;32m  OK  [0m] Started Terminate Plymouth Boot Screen.
[[0;32m  OK  [0m] Started Serial Getty on ttyS0.
         Starting Set console scheme...
[[0;32m  OK  [0m] Started Getty on tty1.
[[0;32m  OK  [0m] Reached target Login Prompts.
[[0;32m  OK  [0m] Reached target Multi-User System.
[[0;32m  OK  [0m] Reached target Graphical Interface.
         Starting Update UTMP about System Runlevel Changes...
[[0;32m  OK  [0m] Started Set console scheme.
[[0;32m  OK  [0m] Started Update UTMP about System Runlevel Changes.
[   28.930653] cloud-init[1300]:   en_US.UTF-8... done
[   28.931524] cloud-init[1300]: Generation complete.
[   29.173626] cloud-init[1300]: Cloud-init v. 19.2-36-g059d049c-0ubuntu2~16.04.1 running 'modules:config' at Sun, 29 Dec 2019 09:58:16 +0000. Up 28.23 seconds.
[[0;32m  OK  [0m] Started Apply the settings specified in cloud-config.
         Starting Execute cloud user/final scripts...
ci-info: no authorized ssh keys fingerprints found for user ubuntu.
<14>Dec 29 09:58:18 ec2: 
<14>Dec 29 09:58:18 ec2: #############################################################
<14>Dec 29 09:58:18 ec2: -----BEGIN SSH HOST KEY FINGERPRINTS-----
<14>Dec 29 09:58:18 ec2: 1024 SHA256:VCcRXWk4LlbUJffrTlO4o9ZN6ti2igo0Qm+zLQvrzvQ root@ubuntu-xenial (DSA)
<14>Dec 29 09:58:18 ec2: 256 SHA256:wxVnpnVL5Y6QXKKln/vMW+5LnRys+KSLXpIbV093SCY root@ubuntu-xenial (ECDSA)
<14>Dec 29 09:58:18 ec2: 256 SHA256:9hIlJ26dLEkIwAjlAiZDJAHQy8pKPzk913NSZwqTIaQ root@ubuntu-xenial (ED25519)
<14>Dec 29 09:58:18 ec2: 2048 SHA256:r40Vj6bi9CZ+J/qeeeeo4WV+1LNGzfGmcMTsaH8XtXo root@ubuntu-xenial (RSA)
<14>Dec 29 09:58:18 ec2: -----END SSH HOST KEY FINGERPRINTS-----
<14>Dec 29 09:58:18 ec2: #############################################################
-----BEGIN SSH HOST KEY KEYS-----
ecdsa-sha2-nistp256 AAAAE2VjZHNhLXNoYTItbmlzdHAyNTYAAAAIbmlzdHAyNTYAAABBBJAu2b2PNnhyG/4TKo+Y5o25SUGQxymrqbtqV8lMBV8rnOXoqnumMEa+QYJg7O0RRSySQIceGrwgC/DL1DCJFJg= root@ubuntu-xenial
ssh-ed25519 AAAAC3NzaC1lZDI1NTE5AAAAIA4dQnG09aGQyb8tmCD/V8xXffA+X1UCRBrNjKcz+d2w root@ubuntu-xenial
ssh-rsa AAAAB3NzaC1yc2EAAAADAQABAAABAQDLt5Je13qfFxhwM9HbTCuRQPxBXsxqkeu3fzWSCvP235GSJFAucRmI5XaenIFo6ET7D0MJgdR2WNcwGvN/Vr/5AEO84htP0MOTf8su5/rIO5W1D5B86zm7AeDAOVd/W8MZRzfQd6hpo8J72fvCbsvUgjnzF1C1r30nUkCcTbWWriIK3Uk9z3N/Wl1Nji/Fm4VRrCj+zKob3jT+mmt4cD4b9VijrZWAxxyT3LD5QOB3fw2h71OFL70ccKN2DCjTX3yLgAkXE/1lqYclSKBFQ/sqUqdYo5G8FPLdH7jcmA8n1U140BiNX6ppcAzhOKOxyhmM+QVXdBsjdUwdMtdePKhx root@ubuntu-xenial
-----END SSH HOST KEY KEYS-----
[   30.365713] cloud-init[1415]: Cloud-init v. 19.2-36-g059d049c-0ubuntu2~16.04.1 running 'modules:final' at Sun, 29 Dec 2019 09:58:18 +0000. Up 29.53 seconds.
[   30.536479] [cloud-init[0;32m  OK  [0m[1415]: ] ci-info: no authorized ssh keys fingerprints found for user ubuntu.Started Execute cloud user/final scripts.

[   30.537226] cloud-init[1415]: Cloud-init v. 19.2-36-g059d049c-0ubuntu2~16.04.1 finished at Sun, 29 Dec 2019 09:58:19 +0000. Datasource DataSourceNoCloud [seed=/dev/sdb][dsmode=net].  Up 30.35 seconds
[[0;32m  OK  [0m] Reached target Cloud-init target.

Ubuntu 16.04.6 LTS ubuntu-xenial ttyS0

ubuntu-xenial login: 